Compiled jquery.js  (3ms)  (pid 7562)
Compiled jquery_ujs.js  (0ms)  (pid 7562)
Compiled bootstrap-transition.js  (0ms)  (pid 7562)
Compiled bootstrap-alert.js  (0ms)  (pid 7562)
Compiled bootstrap-button.js  (0ms)  (pid 7562)
Compiled bootstrap-carousel.js  (0ms)  (pid 7562)
Compiled bootstrap-collapse.js  (46ms)  (pid 7562)
Compiled bootstrap-dropdown.js  (0ms)  (pid 7562)
Compiled bootstrap-modal.js  (0ms)  (pid 7562)
Compiled bootstrap-scrollspy.js  (0ms)  (pid 7562)
Compiled bootstrap-tab.js  (0ms)  (pid 7562)
Compiled bootstrap-tooltip.js  (0ms)  (pid 7562)
Compiled bootstrap-popover.js  (0ms)  (pid 7562)
Compiled bootstrap-typeahead.js  (0ms)  (pid 7562)
Compiled bootstrap.js  (142ms)  (pid 7562)
Compiled sessions.js  (470ms)  (pid 7562)
Compiled static_pages.js  (115ms)  (pid 7562)
Compiled users.js  (105ms)  (pid 7562)
Compiled application.js  (878ms)  (pid 7562)
Compiled custom.css  (1280ms)  (pid 7562)
Compiled frontend.css  (3ms)  (pid 7562)
Compiled sessions.css  (1ms)  (pid 7562)
Compiled static_pages.css  (0ms)  (pid 7562)
Compiled users.css  (1ms)  (pid 7562)
Compiled application.css  (1414ms)  (pid 7562)
Compiled jquery.js  (3ms)  (pid 7562)
Compiled jquery_ujs.js  (0ms)  (pid 7562)
Compiled bootstrap-transition.js  (0ms)  (pid 7562)
Compiled bootstrap-alert.js  (0ms)  (pid 7562)
Compiled bootstrap-button.js  (0ms)  (pid 7562)
Compiled bootstrap-carousel.js  (0ms)  (pid 7562)
Compiled bootstrap-collapse.js  (0ms)  (pid 7562)
Compiled bootstrap-dropdown.js  (0ms)  (pid 7562)
Compiled bootstrap-modal.js  (0ms)  (pid 7562)
Compiled bootstrap-scrollspy.js  (0ms)  (pid 7562)
Compiled bootstrap-tab.js  (0ms)  (pid 7562)
Compiled bootstrap-tooltip.js  (0ms)  (pid 7562)
Compiled bootstrap-popover.js  (0ms)  (pid 7562)
Compiled bootstrap-typeahead.js  (0ms)  (pid 7562)
Compiled bootstrap.js  (142ms)  (pid 7562)
Compiled sessions.js  (232ms)  (pid 7562)
Compiled static_pages.js  (136ms)  (pid 7562)
Compiled users.js  (121ms)  (pid 7562)
Compiled application.js  (681ms)  (pid 7562)
Compiled custom.css  (1312ms)  (pid 7562)
Compiled frontend.css  (5ms)  (pid 7562)
Compiled sessions.css  (1ms)  (pid 7562)
Compiled static_pages.css  (1ms)  (pid 7562)
Compiled users.css  (1ms)  (pid 7562)
Compiled application.css  (1373ms)  (pid 7562)
